X.X.XXX.X.....X.#...#....X.X.X.X.XXX.X..X.X.X.#.X..X#.XX#..X.X..
.....#....X.XX..X.X.X.X.X.........X...X.......X...X.X..XXX.#..X.
X.X.X.X.XX.XXXX..X...X....X.X.X.X#.X.X..X.XX.#..XX....X.#....X..
...X.....X..X#..X#X.X.#.XX.#...XX......X.X..#..#.#.X#X...X#.X..X
X.X.X.X.X..X.#X..X....#..#.XX.XX..#.X#X...#..X.......X.X#.....X.
.......X#.X..X..X#X.XX..X...X#X.X..X..#.X#.X...X.X.XX.....X#.X..
X.X.XX#.....X.X..X...X.X.X.X.X....X.X....X...XX.X..X..##.X..X..X
...#X...#.XX..X.XXX.X.........X.X.....X.X..#X.X..#XXX.X#X..#.#..
X.#..X.X...X.X...#....X.##.#.#.X..X.XX.X#.X.X...#..X...XXX.....X
...X....X.#...X.X.X.XX.##.X.X...X..XXX........XX.X..X.#.X..X##X.
X.X.X#.X.X.X.XX......X.......X.X..#.X..#.X.X#X.#..X......#..#.X.
...............XX.X.X..X.X.XX....#...X..#...X..X.#.X#.X.X..X....
#.#.X.X.X.X.#.XX...X..X.X...X.#.X..XX..XXX.X.X......X..XX#...#.X
...X...X...XX.X.#.X.X....#.#...#..X.X.X.XX#....X#.XX..X.X#.X..X#
X.X.X.#XX.X..X........X.X.X.X.X.#........XXX.#..#.XX.X...X..##..
.....X.XX#..#.X.X.X.XX.X#.........#X#X.X#.XXX..X.X.....XX..X..#.
X.X.#...XXX.X..X...XXX....#.X.XXX.X.X.XXX..X..X...X#.XX.X.X.X...
...X.X.X.X....X.X.X.X..#.X.##X...X.....X..X.X...#X.#..X......X.X
X.X.......X.#........X.X.#.XXX.XX..##.X.X.....#..X.X.#..X.X.#...
...X.X#.XX.X.XX.X.X#X...X...#...X.X..XX.X.X.XX.X.X...X.X.XXX..#.
.X....#.##....X#...X..XX..#..X.#...X....X..XXX..X..X#.....X#X..X
X.XX.X.X...X.X..X.X.X..X.X..X....XX.X.X.X.X.X..X.X....X.#X.X..X.
..X.....X.X.X..X......X...X#..#.#.X..#..#....#.....X.X.X.X..X...
X..X.X.X.....X...X.X.X..XX.##..#....X.X...X.X..X.XX.##.....X..X.
.X....#..X.XX..XX.XXX..X.X.X.#.#.##XX..X.X.XXX..XXX..#.##.X..#.#
..#X.XXX..XXX.X.#..XX#.......X.X..X...X.....X..X.X..#..XXX..X...
X.X...X..X.X......#.X#.X.X.#X...X..X#...X#.X.#....X.X.X.XXX...X.
...X.X.X....X.X.XX......X..#..XX..#.X.XX.X#....X.X.......#..XX.X
.X.......#XX...XXX.X.X.X.X#.#..X.X.....X...X.#X.X..X.#.XX.#..#..
X.#X.X#.X..#.X#.X...#XX.....X.#....X.XX..XX..X...#..X..#X.X.X..X
.......XX#....#..X.XX#.X.X.X..X.X.X.XX#.X.X.X.X.X..#.XX.......X.
.X.#.X#.XXX.X.X.X...X.....X..#...#...#...........X....#.X.X.XX..
..X...X..X...#....#X.#.#.X.X.X.XX.#.X..X#.X.X.X.X..X.XXX...X...X
.X.X.X..X.X.X.X.#..X..#.........#.....X.X..XX..XX.X.XXX.X.X.##..
X......X........X.X..X.X.X.#.XXX..X.XX...X...X.X.....#.........X
.X.X.XX..X.#.X.#.XX#......X.X..X.X.XXX.XX.X.X.X.X.X.X.X.X.X.#.X.
..X...X.#.X.XXX...X..X.X.#...#.X....#...X..X.......X...X...X###.
.X.X.#..X....X#X.X..#.X..X.#...X.X.XXX.X..#.X.X.X.X.X.X.X.X.X...
.......X..X.X.X....X...X#...X.#...X##....X...XX#..............#X
#X.X.X#..X.X...X.#X.X.X..X.X.X.X.X.X.X.X#.X.X.X.X.X.XX.X.X.X.#..
XXX.....X...X.#..X......#..........................#..#.X.#.X.X.
X#.X.X.X..X#..X.#.X.X.XX..X.X.X.X.XX.X.XXXXXXX.X.X...#..........
X.....X..X...X.......#...X.X...X.#X.X.X.......#X#.X.XXX.#.X.X.X.
.X#X.X.X...XX..X#.X#X..#....X.X..X......X.X.X..X...XX#...X...X..
..#......XX.#.X.X#.X.##..#.X.XXX..#.X.XX.X...#.X.X#.X.X.X.X.X.X.
.#XX.X.XX.#......X.....X.X.X..#..X...XXX..X.X.#...X........X....
..X...XXX.X.X.X.X.X#X.X...#..X##..X.X.X..X.#...X.X..##.##.X.#.X.
.X.X.X.X.....X##...X....XX.X...#.X.....X....X#.....XX#..#.X.XX..
........X.X.X.X.X.X.X.X#.X...X.....X.XX..##X.X.X.#X.X..X.X...XX.
.X.#.X#X...X...........X...#X.X.X.X.XXX.X..X..X...X..##...X.X.X#
..X....X.XX.#.X.X.X.#XX..X#XX..XXX...X...X...X.X.X..X#.X.X......
.X.X.X#...#.X..X...#..#.X.X#..X.#XX.#.X.X.X#.......X.......X.#.X
X.......X.X...X.X.XXX.......X....#...........#.X.XX..##.X.X.X.XX
.X.#.X.X.X..X#...XXX.X.X.X#X..X.XXX.X.X.X.X.X.X.XXX.X....XX....X
..#...#...X....XX.X.....X..#.X.XXX...X...X.......X...X##X...#.X.
.XXX.#XX.X..X.X.X..X.X.X.X......#.X.X.X.XXX.X.X.X.X.X.X...X..X..
..X...X....X.X....X.X.....X.X.XX.......XX#...#X#.......X.#..X.X.
.X.X.X.#.XX...#.XX...#.X.X...#X.#.X.X.X.#.X.XXXX#.#.X#X.XXX.....
..........X.XX...X.#.X..X..X.X...X...X..#..XXXX#X#...X...X..X.X.
.X.X.X.XX#...X.#X..X##.X.X..#.#.X.X.X.X.X.X.X##.X.X.X.X.X.X..#X.
..X...X....XX..X#.#........#................................#..X
#X.X.X.X#.X.X.X.X.X.X.X.X#...#.#.X.X.X.X.X.X.X.X.X.#.X.X.X.X#.#.
.....................#....X.X.X.X.X.X.X.X...XX#...X...X..##.#.X.
X.#X.X.X.X.X#.X.X.X.X..#.X...............#.XXXX#.X#X.XXX........
